<?xml version="1.0" encoding="UTF-8"?>
<testsuite xmlns:xsi="http://www.w3.org/2001/XMLSchema-instance" xsi:noNamespaceSchemaLocation="https://maven.apache.org/surefire/maven-surefire-plugin/xsd/surefire-test-report.xsd" version="3.0.2" name="com.gameguessr.game.interfaces.rest.GameControllerTest" time="0.797" tests="7" errors="0" skipped="0" failures="0">
  <properties>
[...]
</properties>
  <testcase name="startMatch_returns201" classname="com.gameguessr.game.interfaces.rest.GameControllerTest" time="0.073">
    <system-out><![CDATA[20:21:36.463 [main] INFO org.springframework.test.context.support.AnnotationConfigContextLoaderUtils -- Could not detect default configuration classes for test class [com.gameguessr.game.interfaces.rest.GameControllerTest]: GameControllerTest does not declare any static, non-private, non-final, nested classes annotated with @Configuration.
20:21:36.544 [main] INFO org.springframework.boot.test.context.SpringBootTestContextBootstrapper -- Found @SpringBootConfiguration com.gameguessr.game.GameServiceApplication for test class com.gameguessr.game.interfaces.rest.GameControllerTest

  .   ____          _            __ _ _
 /\\ / ___'_ __ _ _(_)_ __  __ _ \ \ \ \
( ( )\___ | '_ | '_| | '_ \/ _` | \ \ \ \
 \\/  ___)| |_)| | | | | || (_| |  ) ) ) )
  '  |____| .__|_| |_|_| |_\__, | / / / /
 =========|_|==============|___/=/_/_/_/

 :: Spring Boot ::                (v3.4.2)

2026-02-21T20:21:36.689+01:00  INFO 3048 --- [           main] c.g.g.i.rest.GameControllerTest          : Starting GameControllerTest using Java 21.0.6 with PID 3048 (started by michael.rousseau in /Users/michael.rousseau/Documents/EPITA/ing2/game-guessr/backend/game-service)
2026-02-21T20:21:36.690+01:00  INFO 3048 --- [           main] c.g.g.i.rest.GameControllerTest          : No active profile set, falling back to 1 default profile: "default"
2026-02-21T20:21:37.059+01:00  INFO 3048 --- [           main] o.s.b.t.m.w.SpringBootMockServletContext : Initializing Spring TestDispatcherServlet ''
2026-02-21T20:21:37.059+01:00  INFO 3048 --- [           main] o.s.t.web.servlet.TestDispatcherServlet  : Initializing Servlet ''
2026-02-21T20:21:37.060+01:00  INFO 3048 --- [           main] o.s.t.web.servlet.TestDispatcherServlet  : Completed initialization in 0 ms
2026-02-21T20:21:37.069+01:00  INFO 3048 --- [           main] c.g.g.i.rest.GameControllerTest          : Started GameControllerTest in 0.504 seconds (process running for 1.544)
]]></system-out>
  </testcase>
  <testcase name="submitGuess_invalidPhase_returns400" classname="com.gameguessr.game.interfaces.rest.GameControllerTest" time="0.017"/>
  <testcase name="submitGuess_gamePhase_returns202" classname="com.gameguessr.game.interfaces.rest.GameControllerTest" time="0.003"/>
  <testcase name="startMatch_blankHostId_returns400" classname="com.gameguessr.game.interfaces.rest.GameControllerTest" time="0.006"/>
  <testcase name="getCurrentRound_notFound_returns404" classname="com.gameguessr.game.interfaces.rest.GameControllerTest" time="0.004">
    <system-out><![CDATA[2026-02-21T20:21:37.176+01:00  WARN 3048 --- [           main] c.g.g.i.e.GlobalExceptionHandler         : Match not found: Match not found for room: ABC123
]]></system-out>
  </testcase>
  <testcase name="getResults_returns200" classname="com.gameguessr.game.interfaces.rest.GameControllerTest" time="0.016"/>
  <testcase name="getCurrentRound_returns200" classname="com.gameguessr.game.interfaces.rest.GameControllerTest" time="0.004"/>
</testsuite>